<?xml version="1.0" encoding="UTF-8" ?>
<testsuite errors="0" failures="0" hostname="DESKTOP-DC7GCD1" name="com.flatironschool.javacs.WikiPhilosophyTest" skipped="0" tests="1" time="5.1" timestamp="2016-06-26T07:30:31">
  <properties>
[...]
</properties>
  <testcase classname="com.flatironschool.javacs.WikiPhilosophyTest" name="testMain" time="5.028" />
  <system-out><![CDATA[https://en.wikipedia.org/wiki/Java_(programming_language)
https://en.wikipedia.org/wiki/Programming_language
https://en.wikipedia.org/wiki/Formal_language
https://en.wikipedia.org/wiki/Mathematics
https://en.wikipedia.org/wiki/Quantity
https://en.wikipedia.org/wiki/Property_(philosophy)
https://en.wikipedia.org/wiki/Philosophy
]]></system-out>
  <system-err><![CDATA[]]></system-err>
</testsuite>
